<html>
<head>
<title>TestNG:  run</title>
<link href="../testng.css" rel="stylesheet" type="text/css" />
<link href="../my-testng.css" rel="stylesheet" type="text/css" />

<style type="text/css">
.log { display: none;} 
.stack-trace { display: none;} 
</style>
<script type="text/javascript">
<!--
function flip(e) {
  current = e.style.display;
  if (current == 'block') {
    e.style.display = 'none';
    return 0;
  }
  else {
    e.style.display = 'block';
    return 1;
  }
}

function toggleBox(szDivId, elem, msg1, msg2)
{
  var res = -1;  if (document.getElementById) {
    res = flip(document.getElementById(szDivId));
  }
  else if (document.all) {
    // this is the way old msie versions work
    res = flip(document.all[szDivId]);
  }
  if(elem) {
    if(res == 0) elem.innerHTML = msg1; else elem.innerHTML = msg2;
  }

}

function toggleAllBoxes() {
  if (document.getElementsByTagName) {
    d = document.getElementsByTagName('div');
    for (i = 0; i < d.length; i++) {
      if (d[i].className == 'log') {
        flip(d[i]);
      }
    }
  }
}

// -->
</script>

</head>
<body>
<h2 align='center'>run</h2><table border='1' align="center">
<tr>
<td>Tests passed/Failed/Skipped:</td><td>1/2/5</td>
</tr><tr>
<td>Started on:</td><td>Wed Apr 15 09:53:30 ICT 2020</td>
</tr>
<tr><td>Total time:</td><td>111 seconds (111674 ms)</td>
</tr><tr>
<td>Included groups:</td><td></td>
</tr><tr>
<td>Excluded groups:</td><td></td>
</tr>
</table><p/>
<small><i>(Hover the method name to see the test class name)</i></small><p/>
<table width='100%' border='1' class='invocation-failed'>
<tr><td colspan='4' align='center'><b>FAILED TESTS</b></td></tr>
<tr><td><b>Test method</b></td>
<td width="30%"><b>Exception</b></td>
<td width="10%"><b>Time (seconds)</b></td>
<td><b>Instance</b></td>
</tr>
<tr>
<td title='isobar.panasonic.functions.id_ba.ID_BA_SubmiteWarrantyTest.submitWarrantyWithEmptySupportedDocument()'><b>submitWarrantyWithEmptySupportedDocument</b><br>Test class: isobar.panasonic.functions.id_ba.ID_BA_SubmiteWarrantyTest</td>
<td><div><pre>org.openqa.selenium.NoSuchElementException: Cannot locate element with text: CAMERA &amp; CAMCORDERS
For documentation on this error, please visit: http://seleniumhq.org/exceptions/no_such_element.html
Build info: version: &apos;3.141.5&apos;, revision: &apos;d54ebd709a&apos;, time: &apos;2018-11-06T11:42:16&apos;
System info: host: &apos;Giangs-MacBook-Pro.local&apos;, ip: &apos;fe80:0:0:0:4f6:feed:aa2e:702b%en0&apos;, os.name: &apos;Mac OS X&apos;, os.arch: &apos;x86_64&apos;, os.version: &apos;10.14.5&apos;, java.version: &apos;13.0.2&apos;
Driver info: driver.version: unknown
	at org.openqa.selenium.support.ui.Select.selectByVisibleText(Select.java:141)
	at isobar.panasonic.page.fo.method.account.WarrantyPage.setProductCategory(WarrantyPage.java:55)
	at isobar.panasonic.page.fo.method.account.WarrantyPage.fillInProductInfoTHID(WarrantyPage.java:109)
	at isobar.panasonic.page.fo.method.account.WarrantyPage.fillInProductInfo(WarrantyPage.java:104)
	at isobar.panasonic.page.fo.method.account.WarrantyPage.submitWarranty(WarrantyPage.java:37)
	at isobar.panasonic.functions.id_ba.ID_BA_SubmiteWarrantyTest.submitWarrantyWithEmptySupportedDocument(ID_BA_SubmiteWarrantyTest.java:63)
	at java.base/java.util.concurrent.ThreadPoolExecutor.runWorker(ThreadPoolExecutor.java:1128)
	at java.base/java.util.concurrent.ThreadPoolExecutor$Worker.run(ThreadPoolExecutor.java:628)
	at java.base/java.lang.Thread.run(Thread.java:830)
... Removed 18 stack frames</pre></div><a href='#' onClick='toggleBox("stack-trace320466455", this, "Click to show all stack frames", "Click to hide stack frames")'>Click to show all stack frames</a>
<div class='stack-trace' id='stack-trace320466455'><pre>org.openqa.selenium.NoSuchElementException: Cannot locate element with text: CAMERA &amp; CAMCORDERS
For documentation on this error, please visit: http://seleniumhq.org/exceptions/no_such_element.html
Build info: version: &apos;3.141.5&apos;, revision: &apos;d54ebd709a&apos;, time: &apos;2018-11-06T11:42:16&apos;
System info: host: &apos;Giangs-MacBook-Pro.local&apos;, ip: &apos;fe80:0:0:0:4f6:feed:aa2e:702b%en0&apos;, os.name: &apos;Mac OS X&apos;, os.arch: &apos;x86_64&apos;, os.version: &apos;10.14.5&apos;, java.version: &apos;13.0.2&apos;
Driver info: driver.version: unknown
	at org.openqa.selenium.support.ui.Select.selectByVisibleText(Select.java:141)
	at isobar.panasonic.page.fo.method.account.WarrantyPage.setProductCategory(WarrantyPage.java:55)
	at isobar.panasonic.page.fo.method.account.WarrantyPage.fillInProductInfoTHID(WarrantyPage.java:109)
	at isobar.panasonic.page.fo.method.account.WarrantyPage.fillInProductInfo(WarrantyPage.java:104)
	at isobar.panasonic.page.fo.method.account.WarrantyPage.submitWarranty(WarrantyPage.java:37)
	at isobar.panasonic.functions.id_ba.ID_BA_SubmiteWarrantyTest.submitWarrantyWithEmptySupportedDocument(ID_BA_SubmiteWarrantyTest.java:63)
	at java.base/jdk.internal.reflect.NativeMethodAccessorImpl.invoke0(Native Method)
	at java.base/jdk.internal.reflect.NativeMethodAccessorImpl.invoke(NativeMethodAccessorImpl.java:62)
	at java.base/jdk.internal.reflect.DelegatingMethodAccessorImpl.invoke(DelegatingMethodAccessorImpl.java:43)
	at java.base/java.lang.reflect.Method.invoke(Method.java:567)
	at org.testng.internal.MethodInvocationHelper.invokeMethod(MethodInvocationHelper.java:85)
	at org.testng.internal.Invoker.invokeMethod(Invoker.java:639)
	at org.testng.internal.Invoker.invokeTestMethod(Invoker.java:816)
	at org.testng.internal.Invoker.invokeTestMethods(Invoker.java:1124)
	at org.testng.internal.TestMethodWorker.invokeTestMethods(TestMethodWorker.java:125)
	at org.testng.internal.TestMethodWorker.run(TestMethodWorker.java:108)
	at org.testng.TestRunner.privateRun(TestRunner.java:774)
	at org.testng.TestRunner.run(TestRunner.java:624)
	at org.testng.SuiteRunner.runTest(SuiteRunner.java:359)
	at org.testng.SuiteRunner.runSequentially(SuiteRunner.java:354)
	at org.testng.SuiteRunner.privateRun(SuiteRunner.java:312)
	at org.testng.SuiteRunner.run(SuiteRunner.java:261)
	at org.testng.SuiteRunnerWorker.runSuite(SuiteRunnerWorker.java:52)
	at org.testng.SuiteRunnerWorker.run(SuiteRunnerWorker.java:86)
	at java.base/java.util.concurrent.ThreadPoolExecutor.runWorker(ThreadPoolExecutor.java:1128)
	at java.base/java.util.concurrent.ThreadPoolExecutor$Worker.run(ThreadPoolExecutor.java:628)
	at java.base/java.lang.Thread.run(Thread.java:830)
</pre></div></td>
<td>20</td>
<td>isobar.panasonic.functions.id_ba.ID_BA_SubmiteWarrantyTest@601cbd8c</td></tr>
<tr>
<td title='isobar.panasonic.functions.id_ba.ID_BA_SubmiteWarrantyTest.submitWarrantyWithInvalidSupportedDocument()'><b>submitWarrantyWithInvalidSupportedDocument</b><br>Test class: isobar.panasonic.functions.id_ba.ID_BA_SubmiteWarrantyTest</td>
<td><div><pre>org.openqa.selenium.NoSuchElementException: Cannot locate element with text: CAMERA &amp; CAMCORDERS
For documentation on this error, please visit: http://seleniumhq.org/exceptions/no_such_element.html
Build info: version: &apos;3.141.5&apos;, revision: &apos;d54ebd709a&apos;, time: &apos;2018-11-06T11:42:16&apos;
System info: host: &apos;Giangs-MacBook-Pro.local&apos;, ip: &apos;fe80:0:0:0:4f6:feed:aa2e:702b%en0&apos;, os.name: &apos;Mac OS X&apos;, os.arch: &apos;x86_64&apos;, os.version: &apos;10.14.5&apos;, java.version: &apos;13.0.2&apos;
Driver info: driver.version: unknown
	at org.openqa.selenium.support.ui.Select.selectByVisibleText(Select.java:141)
	at isobar.panasonic.page.fo.method.account.WarrantyPage.setProductCategory(WarrantyPage.java:55)
	at isobar.panasonic.page.fo.method.account.WarrantyPage.fillInProductInfoTHID(WarrantyPage.java:109)
	at isobar.panasonic.page.fo.method.account.WarrantyPage.fillInProductInfo(WarrantyPage.java:104)
	at isobar.panasonic.page.fo.method.account.WarrantyPage.submitWarranty(WarrantyPage.java:37)
	at isobar.panasonic.functions.id_ba.ID_BA_SubmiteWarrantyTest.submitWarrantyWithInvalidSupportedDocument(ID_BA_SubmiteWarrantyTest.java:70)
	at java.base/java.util.concurrent.ThreadPoolExecutor.runWorker(ThreadPoolExecutor.java:1128)
	at java.base/java.util.concurrent.ThreadPoolExecutor$Worker.run(ThreadPoolExecutor.java:628)
	at java.base/java.lang.Thread.run(Thread.java:830)
... Removed 18 stack frames</pre></div><a href='#' onClick='toggleBox("stack-trace1651530973", this, "Click to show all stack frames", "Click to hide stack frames")'>Click to show all stack frames</a>
<div class='stack-trace' id='stack-trace1651530973'><pre>org.openqa.selenium.NoSuchElementException: Cannot locate element with text: CAMERA &amp; CAMCORDERS
For documentation on this error, please visit: http://seleniumhq.org/exceptions/no_such_element.html
Build info: version: &apos;3.141.5&apos;, revision: &apos;d54ebd709a&apos;, time: &apos;2018-11-06T11:42:16&apos;
System info: host: &apos;Giangs-MacBook-Pro.local&apos;, ip: &apos;fe80:0:0:0:4f6:feed:aa2e:702b%en0&apos;, os.name: &apos;Mac OS X&apos;, os.arch: &apos;x86_64&apos;, os.version: &apos;10.14.5&apos;, java.version: &apos;13.0.2&apos;
Driver info: driver.version: unknown
	at org.openqa.selenium.support.ui.Select.selectByVisibleText(Select.java:141)
	at isobar.panasonic.page.fo.method.account.WarrantyPage.setProductCategory(WarrantyPage.java:55)
	at isobar.panasonic.page.fo.method.account.WarrantyPage.fillInProductInfoTHID(WarrantyPage.java:109)
	at isobar.panasonic.page.fo.method.account.WarrantyPage.fillInProductInfo(WarrantyPage.java:104)
	at isobar.panasonic.page.fo.method.account.WarrantyPage.submitWarranty(WarrantyPage.java:37)
	at isobar.panasonic.functions.id_ba.ID_BA_SubmiteWarrantyTest.submitWarrantyWithInvalidSupportedDocument(ID_BA_SubmiteWarrantyTest.java:70)
	at java.base/jdk.internal.reflect.NativeMethodAccessorImpl.invoke0(Native Method)
	at java.base/jdk.internal.reflect.NativeMethodAccessorImpl.invoke(NativeMethodAccessorImpl.java:62)
	at java.base/jdk.internal.reflect.DelegatingMethodAccessorImpl.invoke(DelegatingMethodAccessorImpl.java:43)
	at java.base/java.lang.reflect.Method.invoke(Method.java:567)
	at org.testng.internal.MethodInvocationHelper.invokeMethod(MethodInvocationHelper.java:85)
	at org.testng.internal.Invoker.invokeMethod(Invoker.java:639)
	at org.testng.internal.Invoker.invokeTestMethod(Invoker.java:816)
	at org.testng.internal.Invoker.invokeTestMethods(Invoker.java:1124)
	at org.testng.internal.TestMethodWorker.invokeTestMethods(TestMethodWorker.java:125)
	at org.testng.internal.TestMethodWorker.run(TestMethodWorker.java:108)
	at org.testng.TestRunner.privateRun(TestRunner.java:774)
	at org.testng.TestRunner.run(TestRunner.java:624)
	at org.testng.SuiteRunner.runTest(SuiteRunner.java:359)
	at org.testng.SuiteRunner.runSequentially(SuiteRunner.java:354)
	at org.testng.SuiteRunner.privateRun(SuiteRunner.java:312)
	at org.testng.SuiteRunner.run(SuiteRunner.java:261)
	at org.testng.SuiteRunnerWorker.runSuite(SuiteRunnerWorker.java:52)
	at org.testng.SuiteRunnerWorker.run(SuiteRunnerWorker.java:86)
	at java.base/java.util.concurrent.ThreadPoolExecutor.runWorker(ThreadPoolExecutor.java:1128)
	at java.base/java.util.concurrent.ThreadPoolExecutor$Worker.run(ThreadPoolExecutor.java:628)
	at java.base/java.lang.Thread.run(Thread.java:830)
</pre></div></td>
<td>13</td>
<td>isobar.panasonic.functions.id_ba.ID_BA_SubmiteWarrantyTest@601cbd8c</td></tr>
</table><p>
<table width='100%' border='1' class='invocation-passed'>
<tr><td colspan='4' align='center'><b>PASSED TESTS</b></td></tr>
<tr><td><b>Test method</b></td>
<td width="30%"><b>Exception</b></td>
<td width="10%"><b>Time (seconds)</b></td>
<td><b>Instance</b></td>
</tr>
<tr>
<td title='isobar.panasonic.functions.id_ba.ID_BA_SubmiteWarrantyTest.prepare()'><b>prepare</b><br>Test class: isobar.panasonic.functions.id_ba.ID_BA_SubmiteWarrantyTest</td>
<td></td>
<td>59</td>
<td>isobar.panasonic.functions.id_ba.ID_BA_SubmiteWarrantyTest@601cbd8c</td></tr>
</table><p>
<table width='100%' border='1' class='invocation-skipped'>
<tr><td colspan='4' align='center'><b>SKIPPED TESTS</b></td></tr>
<tr><td><b>Test method</b></td>
<td width="30%"><b>Exception</b></td>
<td width="10%"><b>Time (seconds)</b></td>
<td><b>Instance</b></td>
</tr>
<tr>
<td title='isobar.panasonic.functions.id_ba.ID_BA_SubmiteWarrantyTest.submitWarrantyWithEmptyDateOfPurchase()'><b>submitWarrantyWithEmptyDateOfPurchase</b><br>Test class: isobar.panasonic.functions.id_ba.ID_BA_SubmiteWarrantyTest</td>
<td><div><pre>java.lang.Throwable: Method ID_BA_SubmiteWarrantyTest.submitWarrantyWithEmptyDateOfPurchase()[pri:0, instance:isobar.panasonic.functions.id_ba.ID_BA_SubmiteWarrantyTest@601cbd8c] depends on not successfully finished methods
	at java.base/java.util.concurrent.ThreadPoolExecutor.runWorker(ThreadPoolExecutor.java:1128)
	at java.base/java.util.concurrent.ThreadPoolExecutor$Worker.run(ThreadPoolExecutor.java:628)
	at java.base/java.lang.Thread.run(Thread.java:830)
... Removed 11 stack frames</pre></div><a href='#' onClick='toggleBox("stack-trace1543593504", this, "Click to show all stack frames", "Click to hide stack frames")'>Click to show all stack frames</a>
<div class='stack-trace' id='stack-trace1543593504'><pre>java.lang.Throwable: Method ID_BA_SubmiteWarrantyTest.submitWarrantyWithEmptyDateOfPurchase()[pri:0, instance:isobar.panasonic.functions.id_ba.ID_BA_SubmiteWarrantyTest@601cbd8c] depends on not successfully finished methods
	at org.testng.internal.Invoker.invokeTestMethods(Invoker.java:1033)
	at org.testng.internal.TestMethodWorker.invokeTestMethods(TestMethodWorker.java:125)
	at org.testng.internal.TestMethodWorker.run(TestMethodWorker.java:108)
	at org.testng.TestRunner.privateRun(TestRunner.java:774)
	at org.testng.TestRunner.run(TestRunner.java:624)
	at org.testng.SuiteRunner.runTest(SuiteRunner.java:359)
	at org.testng.SuiteRunner.runSequentially(SuiteRunner.java:354)
	at org.testng.SuiteRunner.privateRun(SuiteRunner.java:312)
	at org.testng.SuiteRunner.run(SuiteRunner.java:261)
	at org.testng.SuiteRunnerWorker.runSuite(SuiteRunnerWorker.java:52)
	at org.testng.SuiteRunnerWorker.run(SuiteRunnerWorker.java:86)
	at java.base/java.util.concurrent.ThreadPoolExecutor.runWorker(ThreadPoolExecutor.java:1128)
	at java.base/java.util.concurrent.ThreadPoolExecutor$Worker.run(ThreadPoolExecutor.java:628)
	at java.base/java.lang.Thread.run(Thread.java:830)
</pre></div></td>
<td>0</td>
<td>null</td></tr>
<tr>
<td title='isobar.panasonic.functions.id_ba.ID_BA_SubmiteWarrantyTest.submitWarrantyWithEmptyModelNumber()'><b>submitWarrantyWithEmptyModelNumber</b><br>Test class: isobar.panasonic.functions.id_ba.ID_BA_SubmiteWarrantyTest</td>
<td><div><pre>java.lang.Throwable: Method ID_BA_SubmiteWarrantyTest.submitWarrantyWithEmptyModelNumber()[pri:0, instance:isobar.panasonic.functions.id_ba.ID_BA_SubmiteWarrantyTest@601cbd8c] depends on not successfully finished methods
	at java.base/java.util.concurrent.ThreadPoolExecutor.runWorker(ThreadPoolExecutor.java:1128)
	at java.base/java.util.concurrent.ThreadPoolExecutor$Worker.run(ThreadPoolExecutor.java:628)
	at java.base/java.lang.Thread.run(Thread.java:830)
... Removed 11 stack frames</pre></div><a href='#' onClick='toggleBox("stack-trace845697548", this, "Click to show all stack frames", "Click to hide stack frames")'>Click to show all stack frames</a>
<div class='stack-trace' id='stack-trace845697548'><pre>java.lang.Throwable: Method ID_BA_SubmiteWarrantyTest.submitWarrantyWithEmptyModelNumber()[pri:0, instance:isobar.panasonic.functions.id_ba.ID_BA_SubmiteWarrantyTest@601cbd8c] depends on not successfully finished methods
	at org.testng.internal.Invoker.invokeTestMethods(Invoker.java:1033)
	at org.testng.internal.TestMethodWorker.invokeTestMethods(TestMethodWorker.java:125)
	at org.testng.internal.TestMethodWorker.run(TestMethodWorker.java:108)
	at org.testng.TestRunner.privateRun(TestRunner.java:774)
	at org.testng.TestRunner.run(TestRunner.java:624)
	at org.testng.SuiteRunner.runTest(SuiteRunner.java:359)
	at org.testng.SuiteRunner.runSequentially(SuiteRunner.java:354)
	at org.testng.SuiteRunner.privateRun(SuiteRunner.java:312)
	at org.testng.SuiteRunner.run(SuiteRunner.java:261)
	at org.testng.SuiteRunnerWorker.runSuite(SuiteRunnerWorker.java:52)
	at org.testng.SuiteRunnerWorker.run(SuiteRunnerWorker.java:86)
	at java.base/java.util.concurrent.ThreadPoolExecutor.runWorker(ThreadPoolExecutor.java:1128)
	at java.base/java.util.concurrent.ThreadPoolExecutor$Worker.run(ThreadPoolExecutor.java:628)
	at java.base/java.lang.Thread.run(Thread.java:830)
</pre></div></td>
<td>0</td>
<td>null</td></tr>
<tr>
<td title='isobar.panasonic.functions.id_ba.ID_BA_SubmiteWarrantyTest.submitWarrantyWithEmptyProductCategory()'><b>submitWarrantyWithEmptyProductCategory</b><br>Test class: isobar.panasonic.functions.id_ba.ID_BA_SubmiteWarrantyTest</td>
<td><div><pre>java.lang.Throwable: Method ID_BA_SubmiteWarrantyTest.submitWarrantyWithEmptyProductCategory()[pri:0, instance:isobar.panasonic.functions.id_ba.ID_BA_SubmiteWarrantyTest@601cbd8c] depends on not successfully finished methods
	at java.base/java.util.concurrent.ThreadPoolExecutor.runWorker(ThreadPoolExecutor.java:1128)
	at java.base/java.util.concurrent.ThreadPoolExecutor$Worker.run(ThreadPoolExecutor.java:628)
	at java.base/java.lang.Thread.run(Thread.java:830)
... Removed 11 stack frames</pre></div><a href='#' onClick='toggleBox("stack-trace1446233702", this, "Click to show all stack frames", "Click to hide stack frames")'>Click to show all stack frames</a>
<div class='stack-trace' id='stack-trace1446233702'><pre>java.lang.Throwable: Method ID_BA_SubmiteWarrantyTest.submitWarrantyWithEmptyProductCategory()[pri:0, instance:isobar.panasonic.functions.id_ba.ID_BA_SubmiteWarrantyTest@601cbd8c] depends on not successfully finished methods
	at org.testng.internal.Invoker.invokeTestMethods(Invoker.java:1033)
	at org.testng.internal.TestMethodWorker.invokeTestMethods(TestMethodWorker.java:125)
	at org.testng.internal.TestMethodWorker.run(TestMethodWorker.java:108)
	at org.testng.TestRunner.privateRun(TestRunner.java:774)
	at org.testng.TestRunner.run(TestRunner.java:624)
	at org.testng.SuiteRunner.runTest(SuiteRunner.java:359)
	at org.testng.SuiteRunner.runSequentially(SuiteRunner.java:354)
	at org.testng.SuiteRunner.privateRun(SuiteRunner.java:312)
	at org.testng.SuiteRunner.run(SuiteRunner.java:261)
	at org.testng.SuiteRunnerWorker.runSuite(SuiteRunnerWorker.java:52)
	at org.testng.SuiteRunnerWorker.run(SuiteRunnerWorker.java:86)
	at java.base/java.util.concurrent.ThreadPoolExecutor.runWorker(ThreadPoolExecutor.java:1128)
	at java.base/java.util.concurrent.ThreadPoolExecutor$Worker.run(ThreadPoolExecutor.java:628)
	at java.base/java.lang.Thread.run(Thread.java:830)
</pre></div></td>
<td>0</td>
<td>null</td></tr>
<tr>
<td title='isobar.panasonic.functions.id_ba.ID_BA_SubmiteWarrantyTest.submitWarrantyWithEmptySerialNumber()'><b>submitWarrantyWithEmptySerialNumber</b><br>Test class: isobar.panasonic.functions.id_ba.ID_BA_SubmiteWarrantyTest</td>
<td><div><pre>java.lang.Throwable: Method ID_BA_SubmiteWarrantyTest.submitWarrantyWithEmptySerialNumber()[pri:0, instance:isobar.panasonic.functions.id_ba.ID_BA_SubmiteWarrantyTest@601cbd8c] depends on not successfully finished methods
	at java.base/java.util.concurrent.ThreadPoolExecutor.runWorker(ThreadPoolExecutor.java:1128)
	at java.base/java.util.concurrent.ThreadPoolExecutor$Worker.run(ThreadPoolExecutor.java:628)
	at java.base/java.lang.Thread.run(Thread.java:830)
... Removed 11 stack frames</pre></div><a href='#' onClick='toggleBox("stack-trace804605758", this, "Click to show all stack frames", "Click to hide stack frames")'>Click to show all stack frames</a>
<div class='stack-trace' id='stack-trace804605758'><pre>java.lang.Throwable: Method ID_BA_SubmiteWarrantyTest.submitWarrantyWithEmptySerialNumber()[pri:0, instance:isobar.panasonic.functions.id_ba.ID_BA_SubmiteWarrantyTest@601cbd8c] depends on not successfully finished methods
	at org.testng.internal.Invoker.invokeTestMethods(Invoker.java:1033)
	at org.testng.internal.TestMethodWorker.invokeTestMethods(TestMethodWorker.java:125)
	at org.testng.internal.TestMethodWorker.run(TestMethodWorker.java:108)
	at org.testng.TestRunner.privateRun(TestRunner.java:774)
	at org.testng.TestRunner.run(TestRunner.java:624)
	at org.testng.SuiteRunner.runTest(SuiteRunner.java:359)
	at org.testng.SuiteRunner.runSequentially(SuiteRunner.java:354)
	at org.testng.SuiteRunner.privateRun(SuiteRunner.java:312)
	at org.testng.SuiteRunner.run(SuiteRunner.java:261)
	at org.testng.SuiteRunnerWorker.runSuite(SuiteRunnerWorker.java:52)
	at org.testng.SuiteRunnerWorker.run(SuiteRunnerWorker.java:86)
	at java.base/java.util.concurrent.ThreadPoolExecutor.runWorker(ThreadPoolExecutor.java:1128)
	at java.base/java.util.concurrent.ThreadPoolExecutor$Worker.run(ThreadPoolExecutor.java:628)
	at java.base/java.lang.Thread.run(Thread.java:830)
</pre></div></td>
<td>0</td>
<td>null</td></tr>
<tr>
<td title='isobar.panasonic.functions.id_ba.ID_BA_SubmiteWarrantyTest.submitWarrantyWithValidInfo()'><b>submitWarrantyWithValidInfo</b><br>Test class: isobar.panasonic.functions.id_ba.ID_BA_SubmiteWarrantyTest</td>
<td><div><pre>java.lang.Throwable: Method ID_BA_SubmiteWarrantyTest.submitWarrantyWithValidInfo()[pri:0, instance:isobar.panasonic.functions.id_ba.ID_BA_SubmiteWarrantyTest@601cbd8c] depends on not successfully finished methods
	at java.base/java.util.concurrent.ThreadPoolExecutor.runWorker(ThreadPoolExecutor.java:1128)
	at java.base/java.util.concurrent.ThreadPoolExecutor$Worker.run(ThreadPoolExecutor.java:628)
	at java.base/java.lang.Thread.run(Thread.java:830)
... Removed 11 stack frames</pre></div><a href='#' onClick='toggleBox("stack-trace2139455626", this, "Click to show all stack frames", "Click to hide stack frames")'>Click to show all stack frames</a>
<div class='stack-trace' id='stack-trace2139455626'><pre>java.lang.Throwable: Method ID_BA_SubmiteWarrantyTest.submitWarrantyWithValidInfo()[pri:0, instance:isobar.panasonic.functions.id_ba.ID_BA_SubmiteWarrantyTest@601cbd8c] depends on not successfully finished methods
	at org.testng.internal.Invoker.invokeTestMethods(Invoker.java:1033)
	at org.testng.internal.TestMethodWorker.invokeTestMethods(TestMethodWorker.java:125)
	at org.testng.internal.TestMethodWorker.run(TestMethodWorker.java:108)
	at org.testng.TestRunner.privateRun(TestRunner.java:774)
	at org.testng.TestRunner.run(TestRunner.java:624)
	at org.testng.SuiteRunner.runTest(SuiteRunner.java:359)
	at org.testng.SuiteRunner.runSequentially(SuiteRunner.java:354)
	at org.testng.SuiteRunner.privateRun(SuiteRunner.java:312)
	at org.testng.SuiteRunner.run(SuiteRunner.java:261)
	at org.testng.SuiteRunnerWorker.runSuite(SuiteRunnerWorker.java:52)
	at org.testng.SuiteRunnerWorker.run(SuiteRunnerWorker.java:86)
	at java.base/java.util.concurrent.ThreadPoolExecutor.runWorker(ThreadPoolExecutor.java:1128)
	at java.base/java.util.concurrent.ThreadPoolExecutor$Worker.run(ThreadPoolExecutor.java:628)
	at java.base/java.lang.Thread.run(Thread.java:830)
</pre></div></td>
<td>0</td>
<td>null</td></tr>
</table><p>
</body>
</html>