<?xml version="1.0" encoding="UTF-8"?>
<testsuite xmlns:xsi="http://www.w3.org/2001/XMLSchema-instance" xsi:noNamespaceSchemaLocation="https://maven.apache.org/surefire/maven-surefire-plugin/xsd/surefire-test-report.xsd" name="TestSuite" time="112.574" tests="16" errors="0" skipped="10" failures="4">
  <properties>
[...]
</properties>
  <testcase name="prepare" classname="isobar.panasonic.functions.id_ba.ID_BA_SubmiteWarrantyTest" time="59.714"/>
  <testcase name="prepare" classname="isobar.panasonic.functions.id_en.ID_EN_SubmiteWarrantyTest" time="0.149"/>
  <testcase name="submitWarrantyWithEmptySupportedDocument" classname="isobar.panasonic.functions.id_en.ID_EN_SubmiteWarrantyTest" time="18.877">
    <failure message="Cannot locate element with text: CAMERA &amp; CAMCORDERS&#10;For documentation on this error, please visit: http://seleniumhq.org/exceptions/no_such_element.html&#10;Build info: version: &apos;3.141.5&apos;, revision: &apos;d54ebd709a&apos;, time: &apos;2018-11-06T11:42:16&apos;&#10;System info: host: &apos;Giangs-MacBook-Pro.local&apos;, ip: &apos;fe80:0:0:0:4f6:feed:aa2e:702b%en0&apos;, os.name: &apos;Mac OS X&apos;, os.arch: &apos;x86_64&apos;, os.version: &apos;10.14.5&apos;, java.version: &apos;13.0.2&apos;&#10;Driver info: driver.version: unknown" type="org.openqa.selenium.NoSuchElementException"><![CDATA[org.openqa.selenium.NoSuchElementException: 
Cannot locate element with text: CAMERA & CAMCORDERS
For documentation on this error, please visit: http://seleniumhq.org/exceptions/no_such_element.html
Build info: version: '3.141.5', revision: 'd54ebd709a', time: '2018-11-06T11:42:16'
System info: host: 'Giangs-MacBook-Pro.local', ip: 'fe80:0:0:0:4f6:feed:aa2e:702b%en0', os.name: 'Mac OS X', os.arch: 'x86_64', os.version: '10.14.5', java.version: '13.0.2'
Driver info: driver.version: unknown
	at isobar.panasonic.functions.id_en.ID_EN_SubmiteWarrantyTest.submitWarrantyWithEmptySupportedDocument(ID_EN_SubmiteWarrantyTest.java:63)
]]></failure>
  </testcase>
  <testcase name="submitWarrantyWithEmptySupportedDocument" classname="isobar.panasonic.functions.id_ba.ID_BA_SubmiteWarrantyTest" time="1.186">
    <failure message="Cannot locate element with text: CAMERA &amp; CAMCORDERS&#10;For documentation on this error, please visit: http://seleniumhq.org/exceptions/no_such_element.html&#10;Build info: version: &apos;3.141.5&apos;, revision: &apos;d54ebd709a&apos;, time: &apos;2018-11-06T11:42:16&apos;&#10;System info: host: &apos;Giangs-MacBook-Pro.local&apos;, ip: &apos;fe80:0:0:0:4f6:feed:aa2e:702b%en0&apos;, os.name: &apos;Mac OS X&apos;, os.arch: &apos;x86_64&apos;, os.version: &apos;10.14.5&apos;, java.version: &apos;13.0.2&apos;&#10;Driver info: driver.version: unknown" type="org.openqa.selenium.NoSuchElementException"><![CDATA[org.openqa.selenium.NoSuchElementException: 
Cannot locate element with text: CAMERA & CAMCORDERS
For documentation on this error, please visit: http://seleniumhq.org/exceptions/no_such_element.html
Build info: version: '3.141.5', revision: 'd54ebd709a', time: '2018-11-06T11:42:16'
System info: host: 'Giangs-MacBook-Pro.local', ip: 'fe80:0:0:0:4f6:feed:aa2e:702b%en0', os.name: 'Mac OS X', os.arch: 'x86_64', os.version: '10.14.5', java.version: '13.0.2'
Driver info: driver.version: unknown
	at isobar.panasonic.functions.id_ba.ID_BA_SubmiteWarrantyTest.submitWarrantyWithEmptySupportedDocument(ID_BA_SubmiteWarrantyTest.java:63)
]]></failure>
    <system-err><![CDATA[java.io.FileNotFoundException: /Users/giangvi/Automation/Projects/selenium-panasonic-dev/test-output/report/PageInfo/id_en_ID_EN_SubmiteWarrantyTest-submitWarrantyWithEmptySupportedDocument.html (No such file or directory)
	at java.base/java.io.FileOutputStream.open0(Native Method)
	at java.base/java.io.FileOutputStream.open(FileOutputStream.java:292)
	at java.base/java.io.FileOutputStream.<init>(FileOutputStream.java:235)
	at java.base/java.io.FileOutputStream.<init>(FileOutputStream.java:185)
	at isobar.panasonic.utility.FileUtility.write(FileUtility.java:57)
	at isobar.panasonic.utility.ReportUtility.logFullPageInfo(ReportUtility.java:92)
	at isobar.panasonic.utility.SeleniumTest.cleanOrKeepTrack(SeleniumTest.java:103)
	at java.base/jdk.internal.reflect.NativeMethodAccessorImpl.invoke0(Native Method)
	at java.base/jdk.internal.reflect.NativeMethodAccessorImpl.invoke(NativeMethodAccessorImpl.java:62)
	at java.base/jdk.internal.reflect.DelegatingMethodAccessorImpl.invoke(DelegatingMethodAccessorImpl.java:43)
	at java.base/java.lang.reflect.Method.invoke(Method.java:567)
	at org.testng.internal.MethodInvocationHelper.invokeMethod(MethodInvocationHelper.java:85)
	at org.testng.internal.Invoker.invokeConfigurationMethod(Invoker.java:510)
	at org.testng.internal.Invoker.invokeConfigurations(Invoker.java:211)
	at org.testng.internal.Invoker.invokeMethod(Invoker.java:703)
	at org.testng.internal.Invoker.invokeTestMethod(Invoker.java:816)
	at org.testng.internal.Invoker.invokeTestMethods(Invoker.java:1124)
	at org.testng.internal.TestMethodWorker.invokeTestMethods(TestMethodWorker.java:125)
	at org.testng.internal.TestMethodWorker.run(TestMethodWorker.java:108)
	at org.testng.TestRunner.privateRun(TestRunner.java:774)
	at org.testng.TestRunner.run(TestRunner.java:624)
	at org.testng.SuiteRunner.runTest(SuiteRunner.java:359)
	at org.testng.SuiteRunner.runSequentially(SuiteRunner.java:354)
	at org.testng.SuiteRunner.privateRun(SuiteRunner.java:312)
	at org.testng.SuiteRunner.run(SuiteRunner.java:261)
	at org.testng.SuiteRunnerWorker.runSuite(SuiteRunnerWorker.java:52)
	at org.testng.SuiteRunnerWorker.run(SuiteRunnerWorker.java:86)
	at java.base/java.util.concurrent.ThreadPoolExecutor.runWorker(ThreadPoolExecutor.java:1128)
	at java.base/java.util.concurrent.ThreadPoolExecutor$Worker.run(ThreadPoolExecutor.java:628)
	at java.base/java.lang.Thread.run(Thread.java:830)
]]></system-err>
  </testcase>
  <testcase name="submitWarrantyWithInvalidSupportedDocument" classname="isobar.panasonic.functions.id_en.ID_EN_SubmiteWarrantyTest" time="12.308">
    <failure message="Cannot locate element with text: CAMERA &amp; CAMCORDERS&#10;For documentation on this error, please visit: http://seleniumhq.org/exceptions/no_such_element.html&#10;Build info: version: &apos;3.141.5&apos;, revision: &apos;d54ebd709a&apos;, time: &apos;2018-11-06T11:42:16&apos;&#10;System info: host: &apos;Giangs-MacBook-Pro.local&apos;, ip: &apos;fe80:0:0:0:4f6:feed:aa2e:702b%en0&apos;, os.name: &apos;Mac OS X&apos;, os.arch: &apos;x86_64&apos;, os.version: &apos;10.14.5&apos;, java.version: &apos;13.0.2&apos;&#10;Driver info: driver.version: unknown" type="org.openqa.selenium.NoSuchElementException"><![CDATA[org.openqa.selenium.NoSuchElementException: 
Cannot locate element with text: CAMERA & CAMCORDERS
For documentation on this error, please visit: http://seleniumhq.org/exceptions/no_such_element.html
Build info: version: '3.141.5', revision: 'd54ebd709a', time: '2018-11-06T11:42:16'
System info: host: 'Giangs-MacBook-Pro.local', ip: 'fe80:0:0:0:4f6:feed:aa2e:702b%en0', os.name: 'Mac OS X', os.arch: 'x86_64', os.version: '10.14.5', java.version: '13.0.2'
Driver info: driver.version: unknown
	at isobar.panasonic.functions.id_en.ID_EN_SubmiteWarrantyTest.submitWarrantyWithInvalidSupportedDocument(ID_EN_SubmiteWarrantyTest.java:70)
]]></failure>
    <system-err><![CDATA[java.io.FileNotFoundException: /Users/giangvi/Automation/Projects/selenium-panasonic-dev/test-output/report/PageInfo/id_ba_ID_BA_SubmiteWarrantyTest-submitWarrantyWithEmptySupportedDocument.html (No such file or directory)
	at java.base/java.io.FileOutputStream.open0(Native Method)
	at java.base/java.io.FileOutputStream.open(FileOutputStream.java:292)
	at java.base/java.io.FileOutputStream.<init>(FileOutputStream.java:235)
	at java.base/java.io.FileOutputStream.<init>(FileOutputStream.java:185)
	at isobar.panasonic.utility.FileUtility.write(FileUtility.java:57)
	at isobar.panasonic.utility.ReportUtility.logFullPageInfo(ReportUtility.java:92)
	at isobar.panasonic.utility.SeleniumTest.cleanOrKeepTrack(SeleniumTest.java:103)
	at java.base/jdk.internal.reflect.NativeMethodAccessorImpl.invoke0(Native Method)
	at java.base/jdk.internal.reflect.NativeMethodAccessorImpl.invoke(NativeMethodAccessorImpl.java:62)
	at java.base/jdk.internal.reflect.DelegatingMethodAccessorImpl.invoke(DelegatingMethodAccessorImpl.java:43)
	at java.base/java.lang.reflect.Method.invoke(Method.java:567)
	at org.testng.internal.MethodInvocationHelper.invokeMethod(MethodInvocationHelper.java:85)
	at org.testng.internal.Invoker.invokeConfigurationMethod(Invoker.java:510)
	at org.testng.internal.Invoker.invokeConfigurations(Invoker.java:211)
	at org.testng.internal.Invoker.invokeMethod(Invoker.java:703)
	at org.testng.internal.Invoker.invokeTestMethod(Invoker.java:816)
	at org.testng.internal.Invoker.invokeTestMethods(Invoker.java:1124)
	at org.testng.internal.TestMethodWorker.invokeTestMethods(TestMethodWorker.java:125)
	at org.testng.internal.TestMethodWorker.run(TestMethodWorker.java:108)
	at org.testng.TestRunner.privateRun(TestRunner.java:774)
	at org.testng.TestRunner.run(TestRunner.java:624)
	at org.testng.SuiteRunner.runTest(SuiteRunner.java:359)
	at org.testng.SuiteRunner.runSequentially(SuiteRunner.java:354)
	at org.testng.SuiteRunner.privateRun(SuiteRunner.java:312)
	at org.testng.SuiteRunner.run(SuiteRunner.java:261)
	at org.testng.SuiteRunnerWorker.runSuite(SuiteRunnerWorker.java:52)
	at org.testng.SuiteRunnerWorker.run(SuiteRunnerWorker.java:86)
	at java.base/java.util.concurrent.ThreadPoolExecutor.runWorker(ThreadPoolExecutor.java:1128)
	at java.base/java.util.concurrent.ThreadPoolExecutor$Worker.run(ThreadPoolExecutor.java:628)
	at java.base/java.lang.Thread.run(Thread.java:830)
]]></system-err>
  </testcase>
  <testcase name="submitWarrantyWithEmptyProductCategory" classname="isobar.panasonic.functions.id_en.ID_EN_SubmiteWarrantyTest" time="0">
    <skipped message="Method ID_EN_SubmiteWarrantyTest.submitWarrantyWithEmptyProductCategory()[pri:0, instance:isobar.panasonic.functions.id_en.ID_EN_SubmiteWarrantyTest@352e612e] depends on not successfully finished methods"/>
    <system-err><![CDATA[java.io.FileNotFoundException: /Users/giangvi/Automation/Projects/selenium-panasonic-dev/test-output/report/PageInfo/id_en_ID_EN_SubmiteWarrantyTest-submitWarrantyWithInvalidSupportedDocument.html (No such file or directory)
	at java.base/java.io.FileOutputStream.open0(Native Method)
	at java.base/java.io.FileOutputStream.open(FileOutputStream.java:292)
	at java.base/java.io.FileOutputStream.<init>(FileOutputStream.java:235)
	at java.base/java.io.FileOutputStream.<init>(FileOutputStream.java:185)
	at isobar.panasonic.utility.FileUtility.write(FileUtility.java:57)
	at isobar.panasonic.utility.ReportUtility.logFullPageInfo(ReportUtility.java:92)
	at isobar.panasonic.utility.SeleniumTest.cleanOrKeepTrack(SeleniumTest.java:103)
	at java.base/jdk.internal.reflect.NativeMethodAccessorImpl.invoke0(Native Method)
	at java.base/jdk.internal.reflect.NativeMethodAccessorImpl.invoke(NativeMethodAccessorImpl.java:62)
	at java.base/jdk.internal.reflect.DelegatingMethodAccessorImpl.invoke(DelegatingMethodAccessorImpl.java:43)
	at java.base/java.lang.reflect.Method.invoke(Method.java:567)
	at org.testng.internal.MethodInvocationHelper.invokeMethod(MethodInvocationHelper.java:85)
	at org.testng.internal.Invoker.invokeConfigurationMethod(Invoker.java:510)
	at org.testng.internal.Invoker.invokeConfigurations(Invoker.java:211)
	at org.testng.internal.Invoker.invokeMethod(Invoker.java:703)
	at org.testng.internal.Invoker.invokeTestMethod(Invoker.java:816)
	at org.testng.internal.Invoker.invokeTestMethods(Invoker.java:1124)
	at org.testng.internal.TestMethodWorker.invokeTestMethods(TestMethodWorker.java:125)
	at org.testng.internal.TestMethodWorker.run(TestMethodWorker.java:108)
	at org.testng.TestRunner.privateRun(TestRunner.java:774)
	at org.testng.TestRunner.run(TestRunner.java:624)
	at org.testng.SuiteRunner.runTest(SuiteRunner.java:359)
	at org.testng.SuiteRunner.runSequentially(SuiteRunner.java:354)
	at org.testng.SuiteRunner.privateRun(SuiteRunner.java:312)
	at org.testng.SuiteRunner.run(SuiteRunner.java:261)
	at org.testng.SuiteRunnerWorker.runSuite(SuiteRunnerWorker.java:52)
	at org.testng.SuiteRunnerWorker.run(SuiteRunnerWorker.java:86)
	at java.base/java.util.concurrent.ThreadPoolExecutor.runWorker(ThreadPoolExecutor.java:1128)
	at java.base/java.util.concurrent.ThreadPoolExecutor$Worker.run(ThreadPoolExecutor.java:628)
	at java.base/java.lang.Thread.run(Thread.java:830)
]]></system-err>
  </testcase>
  <testcase name="submitWarrantyWithEmptyModelNumber" classname="isobar.panasonic.functions.id_en.ID_EN_SubmiteWarrantyTest" time="0">
    <skipped message="Method ID_EN_SubmiteWarrantyTest.submitWarrantyWithEmptyModelNumber()[pri:0, instance:isobar.panasonic.functions.id_en.ID_EN_SubmiteWarrantyTest@352e612e] depends on not successfully finished methods"/>
  </testcase>
  <testcase name="submitWarrantyWithEmptySerialNumber" classname="isobar.panasonic.functions.id_en.ID_EN_SubmiteWarrantyTest" time="0">
    <skipped message="Method ID_EN_SubmiteWarrantyTest.submitWarrantyWithEmptySerialNumber()[pri:0, instance:isobar.panasonic.functions.id_en.ID_EN_SubmiteWarrantyTest@352e612e] depends on not successfully finished methods"/>
  </testcase>
  <testcase name="submitWarrantyWithEmptyDateOfPurchase" classname="isobar.panasonic.functions.id_en.ID_EN_SubmiteWarrantyTest" time="0">
    <skipped message="Method ID_EN_SubmiteWarrantyTest.submitWarrantyWithEmptyDateOfPurchase()[pri:0, instance:isobar.panasonic.functions.id_en.ID_EN_SubmiteWarrantyTest@352e612e] depends on not successfully finished methods"/>
  </testcase>
  <testcase name="submitWarrantyWithValidInfo" classname="isobar.panasonic.functions.id_en.ID_EN_SubmiteWarrantyTest" time="0">
    <skipped message="Method ID_EN_SubmiteWarrantyTest.submitWarrantyWithValidInfo()[pri:0, instance:isobar.panasonic.functions.id_en.ID_EN_SubmiteWarrantyTest@352e612e] depends on not successfully finished methods"/>
  </testcase>
  <testcase name="submitWarrantyWithInvalidSupportedDocument" classname="isobar.panasonic.functions.id_ba.ID_BA_SubmiteWarrantyTest" time="13.527">
    <failure message="Cannot locate element with text: CAMERA &amp; CAMCORDERS&#10;For documentation on this error, please visit: http://seleniumhq.org/exceptions/no_such_element.html&#10;Build info: version: &apos;3.141.5&apos;, revision: &apos;d54ebd709a&apos;, time: &apos;2018-11-06T11:42:16&apos;&#10;System info: host: &apos;Giangs-MacBook-Pro.local&apos;, ip: &apos;fe80:0:0:0:4f6:feed:aa2e:702b%en0&apos;, os.name: &apos;Mac OS X&apos;, os.arch: &apos;x86_64&apos;, os.version: &apos;10.14.5&apos;, java.version: &apos;13.0.2&apos;&#10;Driver info: driver.version: unknown" type="org.openqa.selenium.NoSuchElementException"><![CDATA[org.openqa.selenium.NoSuchElementException: 
Cannot locate element with text: CAMERA & CAMCORDERS
For documentation on this error, please visit: http://seleniumhq.org/exceptions/no_such_element.html
Build info: version: '3.141.5', revision: 'd54ebd709a', time: '2018-11-06T11:42:16'
System info: host: 'Giangs-MacBook-Pro.local', ip: 'fe80:0:0:0:4f6:feed:aa2e:702b%en0', os.name: 'Mac OS X', os.arch: 'x86_64', os.version: '10.14.5', java.version: '13.0.2'
Driver info: driver.version: unknown
	at isobar.panasonic.functions.id_ba.ID_BA_SubmiteWarrantyTest.submitWarrantyWithInvalidSupportedDocument(ID_BA_SubmiteWarrantyTest.java:70)
]]></failure>
  </testcase>
  <testcase name="submitWarrantyWithEmptyProductCategory" classname="isobar.panasonic.functions.id_ba.ID_BA_SubmiteWarrantyTest" time="0">
    <skipped message="Method ID_BA_SubmiteWarrantyTest.submitWarrantyWithEmptyProductCategory()[pri:0, instance:isobar.panasonic.functions.id_ba.ID_BA_SubmiteWarrantyTest@601cbd8c] depends on not successfully finished methods"/>
    <system-err><![CDATA[java.io.FileNotFoundException: /Users/giangvi/Automation/Projects/selenium-panasonic-dev/test-output/report/PageInfo/id_ba_ID_BA_SubmiteWarrantyTest-submitWarrantyWithInvalidSupportedDocument.html (No such file or directory)
	at java.base/java.io.FileOutputStream.open0(Native Method)
	at java.base/java.io.FileOutputStream.open(FileOutputStream.java:292)
	at java.base/java.io.FileOutputStream.<init>(FileOutputStream.java:235)
	at java.base/java.io.FileOutputStream.<init>(FileOutputStream.java:185)
	at isobar.panasonic.utility.FileUtility.write(FileUtility.java:57)
	at isobar.panasonic.utility.ReportUtility.logFullPageInfo(ReportUtility.java:92)
	at isobar.panasonic.utility.SeleniumTest.cleanOrKeepTrack(SeleniumTest.java:103)
	at java.base/jdk.internal.reflect.NativeMethodAccessorImpl.invoke0(Native Method)
	at java.base/jdk.internal.reflect.NativeMethodAccessorImpl.invoke(NativeMethodAccessorImpl.java:62)
	at java.base/jdk.internal.reflect.DelegatingMethodAccessorImpl.invoke(DelegatingMethodAccessorImpl.java:43)
	at java.base/java.lang.reflect.Method.invoke(Method.java:567)
	at org.testng.internal.MethodInvocationHelper.invokeMethod(MethodInvocationHelper.java:85)
	at org.testng.internal.Invoker.invokeConfigurationMethod(Invoker.java:510)
	at org.testng.internal.Invoker.invokeConfigurations(Invoker.java:211)
	at org.testng.internal.Invoker.invokeMethod(Invoker.java:703)
	at org.testng.internal.Invoker.invokeTestMethod(Invoker.java:816)
	at org.testng.internal.Invoker.invokeTestMethods(Invoker.java:1124)
	at org.testng.internal.TestMethodWorker.invokeTestMethods(TestMethodWorker.java:125)
	at org.testng.internal.TestMethodWorker.run(TestMethodWorker.java:108)
	at org.testng.TestRunner.privateRun(TestRunner.java:774)
	at org.testng.TestRunner.run(TestRunner.java:624)
	at org.testng.SuiteRunner.runTest(SuiteRunner.java:359)
	at org.testng.SuiteRunner.runSequentially(SuiteRunner.java:354)
	at org.testng.SuiteRunner.privateRun(SuiteRunner.java:312)
	at org.testng.SuiteRunner.run(SuiteRunner.java:261)
	at org.testng.SuiteRunnerWorker.runSuite(SuiteRunnerWorker.java:52)
	at org.testng.SuiteRunnerWorker.run(SuiteRunnerWorker.java:86)
	at java.base/java.util.concurrent.ThreadPoolExecutor.runWorker(ThreadPoolExecutor.java:1128)
	at java.base/java.util.concurrent.ThreadPoolExecutor$Worker.run(ThreadPoolExecutor.java:628)
	at java.base/java.lang.Thread.run(Thread.java:830)
]]></system-err>
  </testcase>
  <testcase name="submitWarrantyWithEmptyModelNumber" classname="isobar.panasonic.functions.id_ba.ID_BA_SubmiteWarrantyTest" time="0">
    <skipped message="Method ID_BA_SubmiteWarrantyTest.submitWarrantyWithEmptyModelNumber()[pri:0, instance:isobar.panasonic.functions.id_ba.ID_BA_SubmiteWarrantyTest@601cbd8c] depends on not successfully finished methods"/>
  </testcase>
  <testcase name="submitWarrantyWithEmptySerialNumber" classname="isobar.panasonic.functions.id_ba.ID_BA_SubmiteWarrantyTest" time="0">
    <skipped message="Method ID_BA_SubmiteWarrantyTest.submitWarrantyWithEmptySerialNumber()[pri:0, instance:isobar.panasonic.functions.id_ba.ID_BA_SubmiteWarrantyTest@601cbd8c] depends on not successfully finished methods"/>
  </testcase>
  <testcase name="submitWarrantyWithEmptyDateOfPurchase" classname="isobar.panasonic.functions.id_ba.ID_BA_SubmiteWarrantyTest" time="0">
    <skipped message="Method ID_BA_SubmiteWarrantyTest.submitWarrantyWithEmptyDateOfPurchase()[pri:0, instance:isobar.panasonic.functions.id_ba.ID_BA_SubmiteWarrantyTest@601cbd8c] depends on not successfully finished methods"/>
  </testcase>
  <testcase name="submitWarrantyWithValidInfo" classname="isobar.panasonic.functions.id_ba.ID_BA_SubmiteWarrantyTest" time="0">
    <skipped message="Method ID_BA_SubmiteWarrantyTest.submitWarrantyWithValidInfo()[pri:0, instance:isobar.panasonic.functions.id_ba.ID_BA_SubmiteWarrantyTest@601cbd8c] depends on not successfully finished methods"/>
  </testcase>
</testsuite>